0 info it worked if it ends with ok
1 verbose cli [ '/usr/local/Cellar/node/5.1.0/bin/node',
1 verbose cli   '/usr/local/bin/npm',
1 verbose cli   'publish' ]
2 info using npm@3.5.0
3 info using node@v5.1.0
4 verbose publish [ '.' ]
5 silly cache add args [ '.', null ]
6 verbose cache add spec .
7 silly cache add parsed spec Result {
7 silly cache add   raw: '.',
7 silly cache add   scope: null,
7 silly cache add   name: null,
7 silly cache add   rawSpec: '.',
7 silly cache add   spec: '/Users/wufan/huapeishu/wx_token',
7 silly cache add   type: 'directory' }
8 verbose addLocalDirectory /Users/wufan/.npm/wx_token/1.0.0/package.tgz not in flight; packing
9 info lifecycle wx_token@1.0.0~prepublish: wx_token@1.0.0
10 silly lifecycle wx_token@1.0.0~prepublish: no script for prepublish, continuing
11 verbose tar pack [ '/Users/wufan/.npm/wx_token/1.0.0/package.tgz',
11 verbose tar pack   '/Users/wufan/huapeishu/wx_token' ]
12 verbose tarball /Users/wufan/.npm/wx_token/1.0.0/package.tgz
13 verbose folder /Users/wufan/huapeishu/wx_token
14 verbose addLocalTarball adding from inside cache /Users/wufan/.npm/wx_token/1.0.0/package.tgz
15 silly cache afterAdd wx_token@1.0.0
16 verbose afterAdd /Users/wufan/.npm/wx_token/1.0.0/package/package.json not in flight; writing
17 verbose afterAdd /Users/wufan/.npm/wx_token/1.0.0/package/package.json written
18 silly publish { name: 'wx_token',
18 silly publish   version: '1.0.0',
18 silly publish   description: 'a node.js package for getting wechat token easily',
18 silly publish   main: 'index.js',
18 silly publish   scripts: { test: 'node test' },
18 silly publish   repository:
18 silly publish    { type: 'git',
18 silly publish      url: 'git+https://github.com/Neohua87/wx_token.git' },
18 silly publish   keywords: [ 'wechat', 'wx', 'token', 'access_token' ],
18 silly publish   author: { name: 'neohua' },
18 silly publish   license: 'MIT',
18 silly publish   bugs: { url: 'https://github.com/Neohua87/wx_token/issues' },
18 silly publish   homepage: 'https://github.com/Neohua87/wx_token#readme',
18 silly publish   dependencies:
18 silly publish    { https: '~1.0.0',
18 silly publish      assert: '~1.3.0',
18 silly publish      Buffer: '0.0.0 ',
18 silly publish      xml2js: '~0.4.15' },
18 silly publish   readme: '### introduction\n\'wx_token\'\nA simple and easy node for getting wechat token including gloabal token and oauth one with few dependencies.\n\n\n### usage\n\n    1)copy the requires in index.js to your own js file\n\n    2)choose the functions below to get token you need\n\n```\n** fn1:get global token ( with cache:7200seconds)\n```javascript\n   var gtoken=getGtoken();\n```javascript\n\n** fn2:get oauth token(got by code)\n```javascript\n   var token=oauth_token();\n```javascript\n\n\n\n',
18 silly publish   readmeFilename: 'README.md',
18 silly publish   gitHead: '41abcc26de61d1878651576f0375c0762ee552ff',
18 silly publish   _id: 'wx_token@1.0.0',
18 silly publish   _shasum: '1b246fc5b8317a180cfc50b35497beb9d0dfa94f',
18 silly publish   _from: '.' }
19 verbose getPublishConfig undefined
20 silly mapToRegistry name wx_token
21 silly mapToRegistry using default registry
22 silly mapToRegistry registry https://registry.npm.taobao.org/
23 silly mapToRegistry uri https://registry.npm.taobao.org/wx_token
24 verbose publish registryBase https://registry.npm.taobao.org/
25 silly publish uploading /Users/wufan/.npm/wx_token/1.0.0/package.tgz
26 verbose request uri https://registry.npm.taobao.org/wx_token
27 verbose request sending authorization for write operation
28 info attempt registry request try #1 at 21:49:57
29 verbose request id c7567e961110db60
30 http request PUT https://registry.npm.taobao.org/wx_token
31 http 403 https://registry.npm.taobao.org/wx_token
32 verbose headers { date: 'Fri, 04 Dec 2015 05:49:57 GMT',
32 verbose headers   'content-type': 'application/json; charset=utf-8',
32 verbose headers   'content-length': '87',
32 verbose headers   connection: 'keep-alive',
32 verbose headers   'x-readtime': '9' }
33 verbose request invalidating /Users/wufan/.npm/registry.npm.taobao.org/wx_token on PUT
34 error publish Failed PUT 403
35 verbose stack Error: no_perms Private mode enable, only admin can publish this module: wx_token
35 verbose stack     at makeError (/usr/local/lib/node_modules/npm/node_modules/npm-registry-client/lib/request.js:264:12)
35 verbose stack     at CachingRegistryClient.<anonymous> (/usr/local/lib/node_modules/npm/node_modules/npm-registry-client/lib/request.js:252:14)
35 verbose stack     at Request._callback (/usr/local/lib/node_modules/npm/node_modules/npm-registry-client/lib/request.js:172:14)
35 verbose stack     at Request.self.callback (/usr/local/lib/node_modules/npm/node_modules/request/request.js:198:22)
35 verbose stack     at emitTwo (events.js:87:13)
35 verbose stack     at Request.emit (events.js:172:7)
35 verbose stack     at Request.<anonymous> (/usr/local/lib/node_modules/npm/node_modules/request/request.js:1082:10)
35 verbose stack     at emitOne (events.js:82:20)
35 verbose stack     at Request.emit (events.js:169:7)
35 verbose stack     at IncomingMessage.<anonymous> (/usr/local/lib/node_modules/npm/node_modules/request/request.js:1009:12)
36 verbose statusCode 403
37 verbose pkgid wx_token
38 verbose cwd /Users/wufan/huapeishu/wx_token
39 error Darwin 14.0.0
40 error argv "/usr/local/Cellar/node/5.1.0/bin/node" "/usr/local/bin/npm" "publish"
41 error node v5.1.0
42 error npm  v3.5.0
43 error code E403
44 error no_perms Private mode enable, only admin can publish this module: wx_token
45 error If you need help, you may report this error at:
45 error     <https://github.com/npm/npm/issues>
46 verbose exit [ 1, true ]
